
*** Running vivado
    with args -log main.vds -m64 -product Vivado -mode batch -messageDb vivado.pb -notrace -source main.tcl



****** Vivado v2021.1 (64-bit)
  **** SW Build 3247384 on Thu Jun 10 19:36:33 MDT 2021
  **** IP Build 3246043 on Fri Jun 11 00:30:35 MDT 2021
    ** Copyright 1986-2021 Xilinx, Inc. All Rights Reserved.

source main.tcl -notrace
Command: synth_design -top main -part xc7a100tcsg324-1
Starting synth_design
Attempting to get a license for feature 'Synthesis' and/or device 'xc7a100t'
INFO: [Common 17-349] Got license for feature 'Synthesis' and/or device 'xc7a100t'
INFO: [Device 21-403] Loading part xc7a100tcsg324-1
INFO: [Synth 8-7079] Multithreading enabled for synth_design using a maximum of 2 processes.
INFO: [Synth 8-7078] Launching helper process for spawning children vivado processes
INFO: [Synth 8-7075] Helper process launched with PID 24160
---------------------------------------------------------------------------------
Starting RTL Elaboration : Time (s): cpu = 00:00:06 ; elapsed = 00:00:06 . Memory (MB): peak = 1136.090 ; gain = 0.000
---------------------------------------------------------------------------------
INFO: [Synth 8-6157] synthesizing module 'main' [C:/Users/STARKer-first/Desktop/COD/lab5/project_1/project_1.srcs/sources_1/new/main.v:1]
INFO: [Synth 8-6157] synthesizing module 'pdu' [C:/Users/STARKer-first/Desktop/COD/lab5/project_1/project_1.srcs/sources_1/new/PDU_PL.v:1]
INFO: [Synth 8-226] default block is never used [C:/Users/STARKer-first/Desktop/COD/lab5/project_1/project_1.srcs/sources_1/new/PDU_PL.v:256]
INFO: [Synth 8-6155] done synthesizing module 'pdu' (1#1) [C:/Users/STARKer-first/Desktop/COD/lab5/project_1/project_1.srcs/sources_1/new/PDU_PL.v:1]
INFO: [Synth 8-6157] synthesizing module 'cpu' [C:/Users/STARKer-first/Desktop/COD/lab5/project_1/project_1.srcs/sources_1/new/cpu.v:1]
INFO: [Synth 8-6157] synthesizing module 'IF' [C:/Users/STARKer-first/Desktop/COD/lab5/project_1/project_1.srcs/sources_1/new/IF.v:1]
INFO: [Synth 8-6157] synthesizing module 'mux2' [C:/Users/STARKer-first/Desktop/COD/lab5/project_1/project_1.srcs/sources_1/new/main.v:120]
INFO: [Synth 8-6155] done synthesizing module 'mux2' (2#1) [C:/Users/STARKer-first/Desktop/COD/lab5/project_1/project_1.srcs/sources_1/new/main.v:120]
INFO: [Synth 8-6157] synthesizing module 'instruction_mem' [C:/Users/STARKer-first/Desktop/COD/lab5/project_1/project_1.runs/synth_1/.Xil/Vivado-23600-DESKTOP-8OP9CVU/realtime/instruction_mem_stub.v:6]
INFO: [Synth 8-6155] done synthesizing module 'instruction_mem' (3#1) [C:/Users/STARKer-first/Desktop/COD/lab5/project_1/project_1.runs/synth_1/.Xil/Vivado-23600-DESKTOP-8OP9CVU/realtime/instruction_mem_stub.v:6]
INFO: [Synth 8-6155] done synthesizing module 'IF' (4#1) [C:/Users/STARKer-first/Desktop/COD/lab5/project_1/project_1.srcs/sources_1/new/IF.v:1]
INFO: [Synth 8-6157] synthesizing module 'ID' [C:/Users/STARKer-first/Desktop/COD/lab5/project_1/project_1.srcs/sources_1/new/ID.v:15]
INFO: [Synth 8-6157] synthesizing module 'ImmGen' [C:/Users/STARKer-first/Desktop/COD/lab5/project_1/project_1.srcs/sources_1/new/ID.v:122]
INFO: [Synth 8-6155] done synthesizing module 'ImmGen' (5#1) [C:/Users/STARKer-first/Desktop/COD/lab5/project_1/project_1.srcs/sources_1/new/ID.v:122]
INFO: [Synth 8-6157] synthesizing module 'rf' [C:/Users/STARKer-first/Desktop/COD/lab5/project_1/project_1.srcs/sources_1/new/rf.v:3]
INFO: [Synth 8-6155] done synthesizing module 'rf' (6#1) [C:/Users/STARKer-first/Desktop/COD/lab5/project_1/project_1.srcs/sources_1/new/rf.v:3]
INFO: [Synth 8-6155] done synthesizing module 'ID' (7#1) [C:/Users/STARKer-first/Desktop/COD/lab5/project_1/project_1.srcs/sources_1/new/ID.v:15]
INFO: [Synth 8-6157] synthesizing module 'EX' [C:/Users/STARKer-first/Desktop/COD/lab5/project_1/project_1.srcs/sources_1/new/EX.v:1]
INFO: [Synth 8-6157] synthesizing module 'alu' [C:/Users/STARKer-first/Desktop/COD/lab5/project_1/project_1.srcs/sources_1/new/alu.v:1]
INFO: [Synth 8-6155] done synthesizing module 'alu' (8#1) [C:/Users/STARKer-first/Desktop/COD/lab5/project_1/project_1.srcs/sources_1/new/alu.v:1]
INFO: [Synth 8-6157] synthesizing module 'mux3' [C:/Users/STARKer-first/Desktop/COD/lab5/project_1/project_1.srcs/sources_1/new/main.v:136]
INFO: [Synth 8-6155] done synthesizing module 'mux3' (9#1) [C:/Users/STARKer-first/Desktop/COD/lab5/project_1/project_1.srcs/sources_1/new/main.v:136]
INFO: [Synth 8-6155] done synthesizing module 'EX' (10#1) [C:/Users/STARKer-first/Desktop/COD/lab5/project_1/project_1.srcs/sources_1/new/EX.v:1]
INFO: [Synth 8-6157] synthesizing module 'MEM' [C:/Users/STARKer-first/Desktop/COD/lab5/project_1/project_1.srcs/sources_1/new/MEM.v:1]
INFO: [Synth 8-6157] synthesizing module 'data_mem' [C:/Users/STARKer-first/Desktop/COD/lab5/project_1/project_1.runs/synth_1/.Xil/Vivado-23600-DESKTOP-8OP9CVU/realtime/data_mem_stub.v:6]
INFO: [Synth 8-6155] done synthesizing module 'data_mem' (11#1) [C:/Users/STARKer-first/Desktop/COD/lab5/project_1/project_1.runs/synth_1/.Xil/Vivado-23600-DESKTOP-8OP9CVU/realtime/data_mem_stub.v:6]
INFO: [Synth 8-6155] done synthesizing module 'MEM' (12#1) [C:/Users/STARKer-first/Desktop/COD/lab5/project_1/project_1.srcs/sources_1/new/MEM.v:1]
INFO: [Synth 8-6157] synthesizing module 'WB' [C:/Users/STARKer-first/Desktop/COD/lab5/project_1/project_1.srcs/sources_1/new/WB.v:1]
INFO: [Synth 8-6155] done synthesizing module 'WB' (13#1) [C:/Users/STARKer-first/Desktop/COD/lab5/project_1/project_1.srcs/sources_1/new/WB.v:1]
INFO: [Synth 8-6157] synthesizing module 'forward' [C:/Users/STARKer-first/Desktop/COD/lab5/project_1/project_1.srcs/sources_1/new/forwarding_stall.v:1]
INFO: [Synth 8-6155] done synthesizing module 'forward' (14#1) [C:/Users/STARKer-first/Desktop/COD/lab5/project_1/project_1.srcs/sources_1/new/forwarding_stall.v:1]
INFO: [Synth 8-6157] synthesizing module 'hazard' [C:/Users/STARKer-first/Desktop/COD/lab5/project_1/project_1.srcs/sources_1/new/forwarding_stall.v:27]
INFO: [Synth 8-6155] done synthesizing module 'hazard' (15#1) [C:/Users/STARKer-first/Desktop/COD/lab5/project_1/project_1.srcs/sources_1/new/forwarding_stall.v:27]
INFO: [Synth 8-6155] done synthesizing module 'cpu' (16#1) [C:/Users/STARKer-first/Desktop/COD/lab5/project_1/project_1.srcs/sources_1/new/cpu.v:1]
INFO: [Synth 8-6155] done synthesizing module 'main' (17#1) [C:/Users/STARKer-first/Desktop/COD/lab5/project_1/project_1.srcs/sources_1/new/main.v:1]
---------------------------------------------------------------------------------
Finished RTL Elaboration : Time (s): cpu = 00:00:08 ; elapsed = 00:00:09 . Memory (MB): peak = 1136.090 ; gain = 0.000
---------------------------------------------------------------------------------
---------------------------------------------------------------------------------
Start Handling Custom Attributes
---------------------------------------------------------------------------------
---------------------------------------------------------------------------------
Finished Handling Custom Attributes : Time (s): cpu = 00:00:09 ; elapsed = 00:00:10 . Memory (MB): peak = 1136.090 ; gain = 0.000
---------------------------------------------------------------------------------
---------------------------------------------------------------------------------
Finished RTL Optimization Phase 1 : Time (s): cpu = 00:00:09 ; elapsed = 00:00:10 . Memory (MB): peak = 1136.090 ; gain = 0.000
---------------------------------------------------------------------------------
Netlist sorting complete. Time (s): cpu = 00:00:00 ; elapsed = 00:00:00.064 . Memory (MB): peak = 1136.090 ; gain = 0.000
INFO: [Project 1-570] Preparing netlist for logic optimization

Processing XDC Constraints
Initializing timing engine
Parsing XDC File [c:/Users/STARKer-first/Desktop/COD/lab5/project_1/project_1.gen/sources_1/ip/data_mem/data_mem/dist_mem_gen_0_in_context.xdc] for cell 'cpu/MEM/date_mem'
Finished Parsing XDC File [c:/Users/STARKer-first/Desktop/COD/lab5/project_1/project_1.gen/sources_1/ip/data_mem/data_mem/dist_mem_gen_0_in_context.xdc] for cell 'cpu/MEM/date_mem'
Parsing XDC File [c:/Users/STARKer-first/Desktop/COD/lab5/project_1/project_1.gen/sources_1/ip/instruction_mem/instruction_mem/instruction_mem_in_context.xdc] for cell 'cpu/IF/instruction_mem'
Finished Parsing XDC File [c:/Users/STARKer-first/Desktop/COD/lab5/project_1/project_1.gen/sources_1/ip/instruction_mem/instruction_mem/instruction_mem_in_context.xdc] for cell 'cpu/IF/instruction_mem'
Parsing XDC File [C:/Users/STARKer-first/Desktop/COD/fpgaol1.xdc]
Finished Parsing XDC File [C:/Users/STARKer-first/Desktop/COD/fpgaol1.xdc]
INFO: [Project 1-236] Implementation specific constraints were found while reading constraint file [C:/Users/STARKer-first/Desktop/COD/fpgaol1.xdc]. These constraints will be ignored for synthesis but will be used in implementation. Impacted constraints are listed in the file [.Xil/main_propImpl.xdc].
Resolution: To avoid this warning, move constraints listed in [.Xil/main_propImpl.xdc] to another XDC file and exclude this new file from synthesis with the used_in_synthesis property (File Properties dialog in GUI) and re-run elaboration/synthesis.
Parsing XDC File [C:/Users/STARKer-first/Desktop/COD/lab5/project_1/project_1.runs/synth_1/dont_touch.xdc]
Finished Parsing XDC File [C:/Users/STARKer-first/Desktop/COD/lab5/project_1/project_1.runs/synth_1/dont_touch.xdc]
Completed Processing XDC Constraints

Netlist sorting complete. Time (s): cpu = 00:00:00 ; elapsed = 00:00:00.001 . Memory (MB): peak = 1136.090 ; gain = 0.000
INFO: [Project 1-111] Unisim Transformation Summary:
No Unisim elements were transformed.

Constraint Validation Runtime : Time (s): cpu = 00:00:00 ; elapsed = 00:00:00.020 . Memory (MB): peak = 1136.090 ; gain = 0.000
---------------------------------------------------------------------------------
Finished Constraint Validation : Time (s): cpu = 00:00:19 ; elapsed = 00:00:20 . Memory (MB): peak = 1136.090 ; gain = 0.000
---------------------------------------------------------------------------------
---------------------------------------------------------------------------------
Start Loading Part and Timing Information
---------------------------------------------------------------------------------
Loading part: xc7a100tcsg324-1
---------------------------------------------------------------------------------
Finished Loading Part and Timing Information : Time (s): cpu = 00:00:19 ; elapsed = 00:00:20 . Memory (MB): peak = 1136.090 ; gain = 0.000
---------------------------------------------------------------------------------
---------------------------------------------------------------------------------
Start Applying 'set_property' XDC Constraints
---------------------------------------------------------------------------------
Applied set_property KEEP_HIERARCHY = SOFT for cpu/MEM/date_mem. (constraint file  auto generated constraint).
Applied set_property KEEP_HIERARCHY = SOFT for cpu/IF/instruction_mem. (constraint file  auto generated constraint).
---------------------------------------------------------------------------------
Finished applying 'set_property' XDC Constraints : Time (s): cpu = 00:00:19 ; elapsed = 00:00:20 . Memory (MB): peak = 1136.090 ; gain = 0.000
---------------------------------------------------------------------------------
---------------------------------------------------------------------------------
Finished RTL Optimization Phase 2 : Time (s): cpu = 00:00:20 ; elapsed = 00:00:21 . Memory (MB): peak = 1136.090 ; gain = 0.000
---------------------------------------------------------------------------------
---------------------------------------------------------------------------------
Start RTL Component Statistics 
---------------------------------------------------------------------------------
Detailed RTL Component Info : 
+---Adders : 
	   2 Input   32 Bit       Adders := 2     
	   3 Input   32 Bit       Adders := 1     
	   2 Input    5 Bit       Adders := 1     
	   2 Input    3 Bit       Adders := 1     
	   2 Input    2 Bit       Adders := 3     
+---XORs : 
	   2 Input     32 Bit         XORs := 1     
	   2 Input      1 Bit         XORs := 3     
+---Registers : 
	               32 Bit    Registers := 46    
	                5 Bit    Registers := 8     
	                3 Bit    Registers := 1     
	                2 Bit    Registers := 3     
	                1 Bit    Registers := 7     
+---Muxes : 
	   4 Input   32 Bit        Muxes := 5     
	   2 Input   32 Bit        Muxes := 20    
	   6 Input   32 Bit        Muxes := 1     
	   2 Input    8 Bit        Muxes := 1     
	   2 Input    5 Bit        Muxes := 5     
	   4 Input    5 Bit        Muxes := 1     
	   2 Input    3 Bit        Muxes := 3     
	   8 Input    3 Bit        Muxes := 1     
	   2 Input    2 Bit        Muxes := 4     
	   3 Input    2 Bit        Muxes := 2     
	   2 Input    1 Bit        Muxes := 41    
	   4 Input    1 Bit        Muxes := 3     
	   8 Input    1 Bit        Muxes := 6     
---------------------------------------------------------------------------------
Finished RTL Component Statistics 
---------------------------------------------------------------------------------
---------------------------------------------------------------------------------
Start Part Resource Summary
---------------------------------------------------------------------------------
Part Resources:
DSPs: 240 (col length:80)
BRAMs: 270 (col length: RAMB18 80 RAMB36 40)
---------------------------------------------------------------------------------
Finished Part Resource Summary
---------------------------------------------------------------------------------
---------------------------------------------------------------------------------
Start Cross Boundary and Area Optimization
---------------------------------------------------------------------------------
---------------------------------------------------------------------------------
Finished Cross Boundary and Area Optimization : Time (s): cpu = 00:01:19 ; elapsed = 00:01:21 . Memory (MB): peak = 1164.602 ; gain = 28.512
---------------------------------------------------------------------------------
---------------------------------------------------------------------------------
Start Applying XDC Timing Constraints
---------------------------------------------------------------------------------
---------------------------------------------------------------------------------
Finished Applying XDC Timing Constraints : Time (s): cpu = 00:01:27 ; elapsed = 00:01:30 . Memory (MB): peak = 1164.602 ; gain = 28.512
---------------------------------------------------------------------------------
---------------------------------------------------------------------------------
Start Timing Optimization
---------------------------------------------------------------------------------
---------------------------------------------------------------------------------
Finished Timing Optimization : Time (s): cpu = 00:01:28 ; elapsed = 00:01:30 . Memory (MB): peak = 1164.602 ; gain = 28.512
---------------------------------------------------------------------------------
---------------------------------------------------------------------------------
Start Technology Mapping
---------------------------------------------------------------------------------
---------------------------------------------------------------------------------
Finished Technology Mapping : Time (s): cpu = 00:01:29 ; elapsed = 00:01:31 . Memory (MB): peak = 1164.602 ; gain = 28.512
---------------------------------------------------------------------------------
---------------------------------------------------------------------------------
Start IO Insertion
---------------------------------------------------------------------------------
---------------------------------------------------------------------------------
Start Flattening Before IO Insertion
---------------------------------------------------------------------------------
---------------------------------------------------------------------------------
Finished Flattening Before IO Insertion
---------------------------------------------------------------------------------
---------------------------------------------------------------------------------
Start Final Netlist Cleanup
---------------------------------------------------------------------------------
---------------------------------------------------------------------------------
Finished Final Netlist Cleanup
---------------------------------------------------------------------------------
---------------------------------------------------------------------------------
Finished IO Insertion : Time (s): cpu = 00:01:34 ; elapsed = 00:01:37 . Memory (MB): peak = 1164.602 ; gain = 28.512
---------------------------------------------------------------------------------
---------------------------------------------------------------------------------
Start Renaming Generated Instances
---------------------------------------------------------------------------------
---------------------------------------------------------------------------------
Finished Renaming Generated Instances : Time (s): cpu = 00:01:34 ; elapsed = 00:01:37 . Memory (MB): peak = 1164.602 ; gain = 28.512
---------------------------------------------------------------------------------
---------------------------------------------------------------------------------
Start Rebuilding User Hierarchy
---------------------------------------------------------------------------------
---------------------------------------------------------------------------------
Finished Rebuilding User Hierarchy : Time (s): cpu = 00:01:35 ; elapsed = 00:01:37 . Memory (MB): peak = 1164.602 ; gain = 28.512
---------------------------------------------------------------------------------
---------------------------------------------------------------------------------
Start Renaming Generated Ports
---------------------------------------------------------------------------------
---------------------------------------------------------------------------------
Finished Renaming Generated Ports : Time (s): cpu = 00:01:35 ; elapsed = 00:01:37 . Memory (MB): peak = 1164.602 ; gain = 28.512
---------------------------------------------------------------------------------
---------------------------------------------------------------------------------
Start Handling Custom Attributes
---------------------------------------------------------------------------------
---------------------------------------------------------------------------------
Finished Handling Custom Attributes : Time (s): cpu = 00:01:35 ; elapsed = 00:01:37 . Memory (MB): peak = 1164.602 ; gain = 28.512
---------------------------------------------------------------------------------
---------------------------------------------------------------------------------
Start Renaming Generated Nets
---------------------------------------------------------------------------------
---------------------------------------------------------------------------------
Finished Renaming Generated Nets : Time (s): cpu = 00:01:35 ; elapsed = 00:01:37 . Memory (MB): peak = 1164.602 ; gain = 28.512
---------------------------------------------------------------------------------
---------------------------------------------------------------------------------
Start Writing Synthesis Report
---------------------------------------------------------------------------------

Report BlackBoxes: 
+------+----------------+----------+
|      |BlackBox name   |Instances |
+------+----------------+----------+
|1     |instruction_mem |         1|
|2     |data_mem        |         1|
+------+----------------+----------+

Report Cell Usage: 
+------+----------------+------+
|      |Cell            |Count |
+------+----------------+------+
|1     |data_mem        |     1|
|2     |instruction_mem |     1|
|3     |BUFG            |     2|
|4     |CARRY4          |    37|
|5     |LUT1            |     3|
|6     |LUT2            |   117|
|7     |LUT3            |   111|
|8     |LUT4            |    98|
|9     |LUT5            |   228|
|10    |LUT6            |  1100|
|11    |MUXF7           |   239|
|12    |MUXF8           |    92|
|13    |FDCE            |  1401|
|14    |FDPE            |    30|
|15    |FDRE            |    12|
|16    |IBUF            |    10|
|17    |OBUF            |    15|
+------+----------------+------+
---------------------------------------------------------------------------------
Finished Writing Synthesis Report : Time (s): cpu = 00:01:35 ; elapsed = 00:01:37 . Memory (MB): peak = 1164.602 ; gain = 28.512
---------------------------------------------------------------------------------
Synthesis finished with 0 errors, 0 critical warnings and 0 warnings.
Synthesis Optimization Runtime : Time (s): cpu = 00:01:22 ; elapsed = 00:01:33 . Memory (MB): peak = 1164.602 ; gain = 28.512
Synthesis Optimization Complete : Time (s): cpu = 00:01:35 ; elapsed = 00:01:37 . Memory (MB): peak = 1164.602 ; gain = 28.512
INFO: [Project 1-571] Translating synthesized netlist
Netlist sorting complete. Time (s): cpu = 00:00:01 ; elapsed = 00:00:00.125 . Memory (MB): peak = 1164.602 ; gain = 0.000
INFO: [Netlist 29-17] Analyzing 368 Unisim elements for replacement
INFO: [Netlist 29-28] Unisim Transformation completed in 0 CPU seconds
INFO: [Project 1-570] Preparing netlist for logic optimization
INFO: [Opt 31-138] Pushed 0 inverter(s) to 0 load pin(s).
Netlist sorting complete. Time (s): cpu = 00:00:00 ; elapsed = 00:00:00.003 . Memory (MB): peak = 1167.172 ; gain = 0.000
INFO: [Project 1-111] Unisim Transformation Summary:
No Unisim elements were transformed.

Synth Design complete, checksum: dff3a91d
INFO: [Common 17-83] Releasing license: Synthesis
50 Infos, 0 Warnings, 0 Critical Warnings and 0 Errors encountered.
synth_design completed successfully
synth_design: Time (s): cpu = 00:01:42 ; elapsed = 00:01:46 . Memory (MB): peak = 1167.172 ; gain = 31.082
INFO: [Common 17-1381] The checkpoint 'C:/Users/STARKer-first/Desktop/COD/lab5/project_1/project_1.runs/synth_1/main.dcp' has been generated.
INFO: [runtcl-4] Executing : report_utilization -file main_utilization_synth.rpt -pb main_utilization_synth.pb
INFO: [Common 17-206] Exiting Vivado at Sun May  8 00:33:40 2022...
